<?xml version="1.0" encoding="UTF-8"?>
<!-- Generated by org.testng.reporters.JUnitReportReporter -->
<testsuite hostname="NVR-Jaya3" failures="0" tests="1" name="com.qa.LoginPageErrors" time="24.066" errors="0" timestamp="28 Aug 2019 07:07:21 GMT" skipped="0">
  <testcase classname="com.qa.LoginPageErrors" name="verifyLoginPageErrorMessages" time="24.066"/>
</testsuite> <!-- com.qa.LoginPageErrors -->
