<?xml version="1.0" encoding="UTF-8"?>
<!-- Generated by org.testng.reporters.JUnitReportReporter -->
<testsuite hostname="NVR-Jaya3" failures="0" tests="3" name="com.qa.RegistrationTest" time="6.309" errors="0" timestamp="27 Aug 2019 15:16:42 GMT" skipped="0">
  <testcase classname="com.qa.RegistrationTest" name="homePage" time="4.430"/>
  <testcase classname="com.qa.RegistrationTest" name="loginpage" time="1.867"/>
  <testcase classname="com.qa.RegistrationTest" name="CreateAccount" time="0.012"/>
</testsuite> <!-- com.qa.RegistrationTest -->
