<?xml version="1.0" encoding="UTF-8"?>
<!-- Generated by org.testng.reporters.JUnitReportReporter -->
<testsuite hostname="NVR-Jaya3" failures="0" tests="3" name="com.qa.SamplePracties" time="19.078" errors="0" timestamp="02 Oct 2019 07:09:19 GMT" skipped="0">
  <testcase classname="com.qa.SamplePracties" name="SampleMethod" time="18.382"/>
  <testcase classname="com.qa.SamplePracties" name="WriteData" time="0.085"/>
  <testcase classname="com.qa.SamplePracties" name="fetchData" time="0.611"/>
</testsuite> <!-- com.qa.SamplePracties -->
